0 info it worked if it ends with ok
1 verbose cli [ 'node', '/usr/local/bin/npm', 'install', 'jasmine-node', '-g' ]
2 info using npm@2.7.4
3 info using node@v0.12.2
4 silly cache add args [ 'jasmine-node', null ]
5 verbose cache add spec jasmine-node
6 silly cache add parsed spec { raw: 'jasmine-node',
6 silly cache add   scope: null,
6 silly cache add   name: 'jasmine-node',
6 silly cache add   rawSpec: '',
6 silly cache add   spec: '*',
6 silly cache add   type: 'range' }
7 verbose addNamed jasmine-node@*
8 silly addNamed semver.valid null
9 silly addNamed semver.validRange *
10 silly addNameRange { name: 'jasmine-node', range: '*', hasData: false }
11 silly mapToRegistry name jasmine-node
12 silly mapToRegistry using default registry
13 silly mapToRegistry registry https://registry.npmjs.org/
14 silly mapToRegistry uri https://registry.npmjs.org/jasmine-node
15 verbose addNameRange registry:https://registry.npmjs.org/jasmine-node not in flight; fetching
16 verbose request uri https://registry.npmjs.org/jasmine-node
17 verbose request no auth needed
18 info attempt registry request try #1 at 9:20:14 AM
19 verbose request id fbe25bec1af2524f
20 http request GET https://registry.npmjs.org/jasmine-node
21 http 200 https://registry.npmjs.org/jasmine-node
22 silly get cb [ 200,
22 silly get   { server: 'CouchDB/1.5.0 (Erlang OTP/R16B03)',
22 silly get     etag: '"BVBY3YZ0FI3TU77RUGF1U99LG"',
22 silly get     'content-type': 'application/json',
22 silly get     'cache-control': 'max-age=60',
22 silly get     'content-length': '95014',
22 silly get     'accept-ranges': 'bytes',
22 silly get     date: 'Thu, 09 Jul 2015 15:20:14 GMT',
22 silly get     via: '1.1 varnish',
22 silly get     age: '46',
22 silly get     connection: 'keep-alive',
22 silly get     'x-served-by': 'cache-dfw1831-DFW',
22 silly get     'x-cache': 'HIT',
22 silly get     'x-cache-hits': '1',
22 silly get     'x-timer': 'S1436455214.628881,VS0,VE1',
22 silly get     vary: 'Accept' } ]
23 verbose get saving jasmine-node to /Users/jmanhart/.npm/registry.npmjs.org/jasmine-node/.cache.json
24 silly addNameRange number 2 { name: 'jasmine-node', range: '*', hasData: true }
25 silly addNameRange versions [ 'jasmine-node',
25 silly addNameRange   [ '1.0.1',
25 silly addNameRange     '1.0.2',
25 silly addNameRange     '1.0.3',
25 silly addNameRange     '1.0.4',
25 silly addNameRange     '1.0.5',
25 silly addNameRange     '1.0.6',
25 silly addNameRange     '1.0.7',
25 silly addNameRange     '1.0.8',
25 silly addNameRange     '1.0.9',
25 silly addNameRange     '1.0.10',
25 silly addNameRange     '1.0.11',
25 silly addNameRange     '1.0.12',
25 silly addNameRange     '1.0.13',
25 silly addNameRange     '1.0.15',
25 silly addNameRange     '1.0.16',
25 silly addNameRange     '1.0.17',
25 silly addNameRange     '1.0.18',
25 silly addNameRange     '1.0.19',
25 silly addNameRange     '1.0.20',
25 silly addNameRange     '1.0.21',
25 silly addNameRange     '1.0.22',
25 silly addNameRange     '1.0.23',
25 silly addNameRange     '1.0.24',
25 silly addNameRange     '1.0.25',
25 silly addNameRange     '1.0.26',
25 silly addNameRange     '1.0.27',
25 silly addNameRange     '1.0.28',
25 silly addNameRange     '1.1.0',
25 silly addNameRange     '1.2.0',
25 silly addNameRange     '1.2.1',
25 silly addNameRange     '1.2.2',
25 silly addNameRange     '1.2.3',
25 silly addNameRange     '1.3.0',
25 silly addNameRange     '1.3.1',
25 silly addNameRange     '1.4.0',
25 silly addNameRange     '1.5.0',
25 silly addNameRange     '1.6.0',
25 silly addNameRange     '1.7.0',
25 silly addNameRange     '1.7.1',
25 silly addNameRange     '1.8.0',
25 silly addNameRange     '1.8.1',
25 silly addNameRange     '1.9.0',
25 silly addNameRange     '1.9.1',
25 silly addNameRange     '1.10.0',
25 silly addNameRange     '1.10.1',
25 silly addNameRange     '1.10.2',
25 silly addNameRange     '1.11.0',
25 silly addNameRange     '1.12.0',
25 silly addNameRange     '1.12.1',
25 silly addNameRange     '1.13.0',
25 silly addNameRange     '1.13.1',
25 silly addNameRange     '1.14.0',
25 silly addNameRange     '1.14.1',
25 silly addNameRange     '2.0.0',
25 silly addNameRange     '1.14.2',
25 silly addNameRange     '2.0.0-beta1',
25 silly addNameRange     '2.0.0-beta2',
25 silly addNameRange     '2.0.0-beta3',
25 silly addNameRange     '1.14.3',
25 silly addNameRange     '2.0.0-beta4',
25 silly addNameRange     '1.14.4',
25 silly addNameRange     '1.14.5',
25 silly addNameRange     '1.0.0-rc1',
25 silly addNameRange     '1.0.0-rc2',
25 silly addNameRange     '1.0.0-rc3' ] ]
26 verbose addNamed jasmine-node@1.14.5
27 silly addNamed semver.valid 1.14.5
28 silly addNamed semver.validRange 1.14.5
29 silly mapToRegistry name jasmine-node
30 silly mapToRegistry using default registry
31 silly mapToRegistry registry https://registry.npmjs.org/
32 silly mapToRegistry uri https://registry.npmjs.org/jasmine-node
33 verbose addRemoteTarball https://registry.npmjs.org/jasmine-node/-/jasmine-node-1.14.5.tgz not in flight; adding
34 verbose addRemoteTarball [ 'https://registry.npmjs.org/jasmine-node/-/jasmine-node-1.14.5.tgz',
34 verbose addRemoteTarball   '18e8397b856924ee77003666c3731b5aea50c39d' ]
35 info retry fetch attempt 1 at 9:20:14 AM
36 info attempt registry request try #1 at 9:20:14 AM
37 http fetch GET https://registry.npmjs.org/jasmine-node/-/jasmine-node-1.14.5.tgz
38 http fetch 200 https://registry.npmjs.org/jasmine-node/-/jasmine-node-1.14.5.tgz
39 silly fetchAndShaCheck shasum 18e8397b856924ee77003666c3731b5aea50c39d
40 verbose addTmpTarball /var/folders/pq/b_ys313n5k33zjjx2gtdf0h4lr0fk8/T/npm-40952-7d3b6a41/registry.npmjs.org/jasmine-node/-/jasmine-node-1.14.5.tgz not in flight; adding
41 verbose addTmpTarball already have metadata; skipping unpack for jasmine-node@1.14.5
42 silly cache afterAdd jasmine-node@1.14.5
43 verbose afterAdd /Users/jmanhart/.npm/jasmine-node/1.14.5/package/package.json not in flight; writing
44 verbose afterAdd /Users/jmanhart/.npm/jasmine-node/1.14.5/package/package.json written
45 silly install resolved [ { name: 'jasmine-node',
45 silly install resolved     version: '1.14.5',
45 silly install resolved     description: 'DOM-less simple JavaScript BDD testing framework for Node',
45 silly install resolved     contributors: [ [Object] ],
45 silly install resolved     homepage: 'https://github.com/mhevery/jasmine-node',
45 silly install resolved     repository:
45 silly install resolved      { type: 'git',
45 silly install resolved        url: 'https://github.com/mhevery/jasmine-node.git' },
45 silly install resolved     keywords: [ 'testing', 'bdd' ],
45 silly install resolved     author: { name: 'Misko Hevery', email: 'misko@hevery.com' },
45 silly install resolved     maintainers: [ [Object], [Object] ],
45 silly install resolved     licenses: [ 'MIT' ],
45 silly install resolved     dependencies:
45 silly install resolved      { 'coffee-script': '>=1.0.1',
45 silly install resolved        'jasmine-reporters': '~1.0.0',
45 silly install resolved        'jasmine-growl-reporter': '~0.0.2',
45 silly install resolved        requirejs: '>=0.27.1',
45 silly install resolved        walkdir: '>= 0.0.1',
45 silly install resolved        underscore: '>= 1.3.1',
45 silly install resolved        gaze: '~0.3.2',
45 silly install resolved        mkdirp: '~0.3.5' },
45 silly install resolved     bin: { 'jasmine-node': 'bin/jasmine-node' },
45 silly install resolved     preferGlobal: true,
45 silly install resolved     main: 'lib/jasmine-node',
45 silly install resolved     scripts: { test: 'node lib/jasmine-node/cli.js spec' },
45 silly install resolved     devDependencies: {},
45 silly install resolved     bugs: { url: 'https://github.com/mhevery/jasmine-node/issues' },
45 silly install resolved     _id: 'jasmine-node@1.14.5',
45 silly install resolved     _shasum: '18e8397b856924ee77003666c3731b5aea50c39d',
45 silly install resolved     _from: 'jasmine-node@*',
45 silly install resolved     _npmVersion: '1.4.9',
45 silly install resolved     _npmUser: { name: 'tebriel', email: 'tebriel@gmail.com' },
45 silly install resolved     dist:
45 silly install resolved      { shasum: '18e8397b856924ee77003666c3731b5aea50c39d',
45 silly install resolved        tarball: 'http://registry.npmjs.org/jasmine-node/-/jasmine-node-1.14.5.tgz' },
45 silly install resolved     directories: {},
45 silly install resolved     _resolved: 'https://registry.npmjs.org/jasmine-node/-/jasmine-node-1.14.5.tgz' } ]
46 info install jasmine-node@1.14.5 into /usr/local/lib
47 info installOne jasmine-node@1.14.5
48 verbose installOne of jasmine-node to /usr/local/lib not in flight; installing
49 verbose lock using /Users/jmanhart/.npm/_locks/jasmine-node-592af5d86773a3f7.lock for /usr/local/lib/node_modules/jasmine-node
50 silly install write writing jasmine-node 1.14.5 to /usr/local/lib/node_modules/jasmine-node
51 silly cache addNamed cb jasmine-node@1.14.5
52 verbose unbuild lib/node_modules/jasmine-node
53 silly gentlyRm /usr/local/lib/node_modules/jasmine-node is being purged from base /usr/local
54 verbose gentlyRm don't care about contents; nuking /usr/local/lib/node_modules/jasmine-node
55 verbose tar unpack /Users/jmanhart/.npm/jasmine-node/1.14.5/package.tgz
56 verbose tar unpacking to /usr/local/lib/node_modules/jasmine-node
57 silly gentlyRm /usr/local/lib/node_modules/jasmine-node is being purged
58 verbose gentlyRm don't care about contents; nuking /usr/local/lib/node_modules/jasmine-node
59 silly gunzTarPerm modes [ '755', '644' ]
60 error tar.unpack untar error /Users/jmanhart/.npm/jasmine-node/1.14.5/package.tgz
61 verbose unlock done using /Users/jmanhart/.npm/_locks/jasmine-node-592af5d86773a3f7.lock for /usr/local/lib/node_modules/jasmine-node
62 verbose fstream_path /usr/local/lib/node_modules/jasmine-node
63 verbose fstream_type Directory
64 verbose fstream_class DirWriter
65 verbose stack Error: EACCES, mkdir '/usr/local/lib/node_modules/jasmine-node'
65 verbose stack     at Error (native)
66 verbose fstream_stack /usr/local/lib/node_modules/npm/node_modules/fstream/lib/dir-writer.js:36:23
66 verbose fstream_stack /usr/local/lib/node_modules/npm/node_modules/mkdirp/index.js:46:53
66 verbose fstream_stack FSReqWrap.oncomplete (fs.js:95:15)
67 verbose cwd /Users/jmanhart/autotest
68 error Darwin 14.3.0
69 error argv "node" "/usr/local/bin/npm" "install" "jasmine-node" "-g"
70 error node v0.12.2
71 error npm  v2.7.4
72 error path /usr/local/lib/node_modules/jasmine-node
73 error code EACCES
74 error errno -13
75 error Error: EACCES, mkdir '/usr/local/lib/node_modules/jasmine-node'
75 error     at Error (native)
75 error  { [Error: EACCES, mkdir '/usr/local/lib/node_modules/jasmine-node']
75 error   errno: -13,
75 error   code: 'EACCES',
75 error   path: '/usr/local/lib/node_modules/jasmine-node',
75 error   fstream_type: 'Directory',
75 error   fstream_path: '/usr/local/lib/node_modules/jasmine-node',
75 error   fstream_class: 'DirWriter',
75 error   fstream_stack:
75 error    [ '/usr/local/lib/node_modules/npm/node_modules/fstream/lib/dir-writer.js:36:23',
75 error      '/usr/local/lib/node_modules/npm/node_modules/mkdirp/index.js:46:53',
75 error      'FSReqWrap.oncomplete (fs.js:95:15)' ] }
76 error Please try running this command again as root/Administrator.
77 verbose exit [ -13, true ]
78 verbose unbuild lib/node_modules/jasmine-node
79 silly gentlyRm /usr/local/lib/node_modules/jasmine-node is being purged from base /usr/local
80 verbose gentlyRm don't care about contents; nuking /usr/local/lib/node_modules/jasmine-node
