13:23:12.866 INFO - Launching a standalone server
Setting system property webdriver.chrome.driver to bin/chromedriver_v2_14_313457
13:23:12.920 INFO - Java: Oracle Corporation 25.45-b02
13:23:12.920 INFO - OS: Mac OS X 10.10.3 x86_64
13:23:12.933 INFO - v2.45.0, with Core v2.45.0. Built from revision 5017cb8
13:23:13.021 INFO - Default driver org.openqa.selenium.ie.InternetExplorerDriver registration is skipped: registration capabilities Capabilities [{ensureCleanSession=true, browserName=internet explorer, version=, platform=WINDOWS}] does not match with current platform: MAC
13:23:13.052 INFO - RemoteWebDriver instances should connect to: http://127.0.0.1:4444/wd/hub
13:23:13.053 INFO - Version Jetty/5.1.x
13:23:13.054 INFO - Started HttpContext[/selenium-server,/selenium-server]
13:23:13.106 INFO - Started org.openqa.jetty.jetty.servlet.ServletHandler@d7b1517
13:23:13.106 INFO - Started HttpContext[/wd,/wd]
13:23:13.106 INFO - Started HttpContext[/selenium-server/driver,/selenium-server/driver]
13:23:13.106 INFO - Started HttpContext[/,/]
13:23:13.112 INFO - Started SocketListener on 0.0.0.0:4444
13:23:13.112 INFO - Started org.openqa.jetty.jetty.Server@7cd84586
13:23:13.342 INFO - Executing: [new session: Capabilities [{acceptSslCerts=true, launch_url=https://blankslate.testn.f4tech.com, build=${BID}, name=Create Custom Page, browserName=chrome, project=MooseReapers, javascriptEnabled=true, resolution=1280x1024, platform=ANY}]])
13:23:13.355 INFO - Creating a new session for Capabilities [{acceptSslCerts=true, launch_url=https://blankslate.testn.f4tech.com, build=${BID}, name=Create Custom Page, browserName=chrome, project=MooseReapers, javascriptEnabled=true, resolution=1280x1024, platform=ANY}]
Starting ChromeDriver 2.14.313457 (3d645c400edf2e2c500566c9aa096063e707c9cf) on port 14835
Only local connections are allowed.
13:23:15.682 INFO - Done: [new session: Capabilities [{acceptSslCerts=true, launch_url=https://blankslate.testn.f4tech.com, build=${BID}, name=Create Custom Page, browserName=chrome, project=MooseReapers, javascriptEnabled=true, resolution=1280x1024, platform=ANY}]]
13:23:15.698 INFO - Executing: [maximise window])
13:23:16.522 INFO - Done: [maximise window]
13:23:16.529 INFO - Executing: [get: https://blankslate.testn.f4tech.com#/slm/login.op])
13:23:18.624 INFO - Done: [get: https://blankslate.testn.f4tech.com#/slm/login.op]
13:23:19.132 INFO - Executing: [take screenshot])
13:23:19.532 INFO - Done: [take screenshot]
13:23:19.650 INFO - Executing: [find elements: By.cssSelector: h1.login-header])
13:23:19.684 INFO - Done: [find elements: By.cssSelector: h1.login-header]
13:23:19.688 INFO - Executing: [is displayed: 0 [[ChromeDriver: chrome on MAC (129714c3ab3a67c680c46640d28ad529)] -> css selector: h1.login-header]])
13:23:19.703 INFO - Done: [is displayed: 0 [[ChromeDriver: chrome on MAC (129714c3ab3a67c680c46640d28ad529)] -> css selector: h1.login-header]]
13:23:19.709 INFO - Executing: [find element: By.cssSelector: h1.login-header])
13:23:19.722 INFO - Done: [find element: By.cssSelector: h1.login-header]
13:23:19.725 INFO - Executing: [get text: 0 [[ChromeDriver: chrome on MAC (129714c3ab3a67c680c46640d28ad529)] -> css selector: h1.login-header]])
13:23:19.742 INFO - Done: [get text: 0 [[ChromeDriver: chrome on MAC (129714c3ab3a67c680c46640d28ad529)] -> css selector: h1.login-header]]
13:23:19.745 INFO - Executing: [find element: By.cssSelector: #j_username])
13:23:19.760 INFO - Done: [find element: By.cssSelector: #j_username]
13:23:19.764 INFO - Executing: [send keys: 1 [[ChromeDriver: chrome on MAC (129714c3ab3a67c680c46640d28ad529)] -> css selector: #j_username], [j, m, a, n, h, a, r, t, @, r, a, l, l, y, d, e, v, ., c, o, m]])
13:23:19.821 INFO - Done: [send keys: 1 [[ChromeDriver: chrome on MAC (129714c3ab3a67c680c46640d28ad529)] -> css selector: #j_username], [j, m, a, n, h, a, r, t, @, r, a, l, l, y, d, e, v, ., c, o, m]]
13:23:19.826 INFO - Executing: [find element: By.cssSelector: #j_password])
13:23:19.852 INFO - Done: [find element: By.cssSelector: #j_password]
13:23:19.855 INFO - Executing: [send keys: 2 [[ChromeDriver: chrome on MAC (129714c3ab3a67c680c46640d28ad529)] -> css selector: #j_password], [P, a, s, s, w, o, r, d]])
13:23:19.890 INFO - Done: [send keys: 2 [[ChromeDriver: chrome on MAC (129714c3ab3a67c680c46640d28ad529)] -> css selector: #j_password], [P, a, s, s, w, o, r, d]]
13:23:19.894 INFO - Executing: [find element: By.cssSelector: #login-button])
13:23:19.907 INFO - Done: [find element: By.cssSelector: #login-button]
13:23:19.910 INFO - Executing: [click: 3 [[ChromeDriver: chrome on MAC (129714c3ab3a67c680c46640d28ad529)] -> css selector: #login-button]])
13:23:19.945 INFO - Done: [click: 3 [[ChromeDriver: chrome on MAC (129714c3ab3a67c680c46640d28ad529)] -> css selector: #login-button]]
13:23:19.951 INFO - Executing: [find elements: By.cssSelector: div[class='header-logo']])
13:23:22.717 INFO - Done: [find elements: By.cssSelector: div[class='header-logo']]
13:23:23.226 INFO - Executing: [find elements: By.cssSelector: div[class='header-logo']])
13:23:23.432 INFO - Done: [find elements: By.cssSelector: div[class='header-logo']]
13:23:23.436 INFO - Executing: [is displayed: 4 [[ChromeDriver: chrome on MAC (129714c3ab3a67c680c46640d28ad529)] -> css selector: div[class='header-logo']]])
13:23:23.475 INFO - Done: [is displayed: 4 [[ChromeDriver: chrome on MAC (129714c3ab3a67c680c46640d28ad529)] -> css selector: div[class='header-logo']]]
13:23:23.480 INFO - Executing: [find elements: By.cssSelector: span[data-reactid='.2.0.0.0.$header-item-0:0.0.0']])
13:23:23.527 INFO - Done: [find elements: By.cssSelector: span[data-reactid='.2.0.0.0.$header-item-0:0.0.0']]
13:23:24.033 INFO - Executing: [find elements: By.cssSelector: span[data-reactid='.2.0.0.0.$header-item-0:0.0.0']])
13:23:24.062 INFO - Done: [find elements: By.cssSelector: span[data-reactid='.2.0.0.0.$header-item-0:0.0.0']]
13:23:24.065 INFO - Executing: [is displayed: 5 [[ChromeDriver: chrome on MAC (129714c3ab3a67c680c46640d28ad529)] -> css selector: span[data-reactid='.2.0.0.0.$header-item-0:0.0.0']]])
13:23:24.080 INFO - Done: [is displayed: 5 [[ChromeDriver: chrome on MAC (129714c3ab3a67c680c46640d28ad529)] -> css selector: span[data-reactid='.2.0.0.0.$header-item-0:0.0.0']]]
13:23:24.084 INFO - Executing: [find element: By.cssSelector: span[data-reactid='.2.0.0.0.$header-item-0:0.0.0']])
13:23:24.102 INFO - Done: [find element: By.cssSelector: span[data-reactid='.2.0.0.0.$header-item-0:0.0.0']]
13:23:24.105 INFO - Executing: [get text: 5 [[ChromeDriver: chrome on MAC (129714c3ab3a67c680c46640d28ad529)] -> css selector: span[data-reactid='.2.0.0.0.$header-item-0:0.0.0']]])
13:23:24.122 INFO - Done: [get text: 5 [[ChromeDriver: chrome on MAC (129714c3ab3a67c680c46640d28ad529)] -> css selector: span[data-reactid='.2.0.0.0.$header-item-0:0.0.0']]]
13:23:24.126 INFO - Executing: [find element: By.xpath: //*[@id="header"]/div[1]/ul/li[1]/a])
13:23:24.141 INFO - Done: [find element: By.xpath: //*[@id="header"]/div[1]/ul/li[1]/a]
13:23:24.143 INFO - Executing: [click: 6 [[ChromeDriver: chrome on MAC (129714c3ab3a67c680c46640d28ad529)] -> xpath: //*[@id="header"]/div[1]/ul/li[1]/a]])
13:23:24.172 INFO - Done: [click: 6 [[ChromeDriver: chrome on MAC (129714c3ab3a67c680c46640d28ad529)] -> xpath: //*[@id="header"]/div[1]/ul/li[1]/a]]
13:23:24.175 INFO - Executing: [find elements: By.xpath: //*[@class ="x4-component button icon-add x4-component-default x4-border-box"]])
13:23:24.233 INFO - Done: [find elements: By.xpath: //*[@class ="x4-component button icon-add x4-component-default x4-border-box"]]
13:23:24.236 INFO - Executing: [is displayed: 7 [[ChromeDriver: chrome on MAC (129714c3ab3a67c680c46640d28ad529)] -> xpath: //*[@class ="x4-component button icon-add x4-component-default x4-border-box"]]])
13:23:24.248 INFO - Done: [is displayed: 7 [[ChromeDriver: chrome on MAC (129714c3ab3a67c680c46640d28ad529)] -> xpath: //*[@class ="x4-component button icon-add x4-component-default x4-border-box"]]]
13:23:24.251 INFO - Executing: [find element: By.xpath: //*[@class ="x4-component button icon-add x4-component-default x4-border-box"]])
13:23:24.265 INFO - Done: [find element: By.xpath: //*[@class ="x4-component button icon-add x4-component-default x4-border-box"]]
13:23:24.269 INFO - Executing: [click: 7 [[ChromeDriver: chrome on MAC (129714c3ab3a67c680c46640d28ad529)] -> xpath: //*[@class ="x4-component button icon-add x4-component-default x4-border-box"]]])
13:23:24.330 INFO - Done: [click: 7 [[ChromeDriver: chrome on MAC (129714c3ab3a67c680c46640d28ad529)] -> xpath: //*[@class ="x4-component button icon-add x4-component-default x4-border-box"]]]
13:23:26.836 INFO - Executing: [get window handles])
13:23:26.840 INFO - Done: [get window handles]
13:23:26.843 INFO - Executing: [switch to window: CDwindow-E6D2B866-E566-4809-965F-6B303B79AFBE])
13:23:26.847 INFO - Done: [switch to window: CDwindow-E6D2B866-E566-4809-965F-6B303B79AFBE]
13:23:26.850 INFO - Executing: [find elements: By.xpath: /html/body/form/div[1]/h1])
13:23:26.901 INFO - Done: [find elements: By.xpath: /html/body/form/div[1]/h1]
13:23:26.904 INFO - Executing: [is displayed: 8 [[ChromeDriver: chrome on MAC (129714c3ab3a67c680c46640d28ad529)] -> xpath: /html/body/form/div[1]/h1]])
13:23:26.917 INFO - Done: [is displayed: 8 [[ChromeDriver: chrome on MAC (129714c3ab3a67c680c46640d28ad529)] -> xpath: /html/body/form/div[1]/h1]]
13:23:26.920 INFO - Executing: [find element: By.xpath: //*[@id="cancel_btn"]])
13:23:26.934 INFO - Done: [find element: By.xpath: //*[@id="cancel_btn"]]
13:23:26.936 INFO - Executing: [get text: 9 [[ChromeDriver: chrome on MAC (129714c3ab3a67c680c46640d28ad529)] -> xpath: //*[@id="cancel_btn"]]])
13:23:26.952 INFO - Done: [get text: 9 [[ChromeDriver: chrome on MAC (129714c3ab3a67c680c46640d28ad529)] -> xpath: //*[@id="cancel_btn"]]]
13:23:26.955 INFO - Executing: [find element: By.xpath: //*[@id="name"]])
13:23:26.969 INFO - Done: [find element: By.xpath: //*[@id="name"]]
13:23:26.973 INFO - Executing: [send keys: 10 [[ChromeDriver: chrome on MAC (129714c3ab3a67c680c46640d28ad529)] -> xpath: //*[@id="name"]], [N, i, g, h, t, w, a, t, c, h,  , N, a, m, e]])
13:23:27.016 INFO - Done: [send keys: 10 [[ChromeDriver: chrome on MAC (129714c3ab3a67c680c46640d28ad529)] -> xpath: //*[@id="name"]], [N, i, g, h, t, w, a, t, c, h,  , N, a, m, e]]
13:23:27.021 INFO - Executing: [find element: By.xpath: /html/body/form/div[2]/div/table/tbody/tr[2]/td/input])
13:23:27.049 INFO - Done: [find element: By.xpath: /html/body/form/div[2]/div/table/tbody/tr[2]/td/input]
13:23:27.051 INFO - Executing: [click: 11 [[ChromeDriver: chrome on MAC (129714c3ab3a67c680c46640d28ad529)] -> xpath: /html/body/form/div[2]/div/table/tbody/tr[2]/td/input]])
13:23:27.228 INFO - Done: [click: 11 [[ChromeDriver: chrome on MAC (129714c3ab3a67c680c46640d28ad529)] -> xpath: /html/body/form/div[2]/div/table/tbody/tr[2]/td/input]]
13:23:29.736 INFO - Executing: [find element: By.xpath: //*[@id="cancel_btn"]])
13:23:29.750 INFO - Done: [find element: By.xpath: //*[@id="cancel_btn"]]
13:23:29.752 INFO - Executing: [click: 9 [[ChromeDriver: chrome on MAC (129714c3ab3a67c680c46640d28ad529)] -> xpath: //*[@id="cancel_btn"]]])
13:23:29.781 INFO - Done: [click: 9 [[ChromeDriver: chrome on MAC (129714c3ab3a67c680c46640d28ad529)] -> xpath: //*[@id="cancel_btn"]]]
13:23:29.783 INFO - Executing: [delete session: 1f99881a-f473-4c31-8940-3d5c6fd77e91])
13:23:30.357 INFO - Done: [delete session: 1f99881a-f473-4c31-8940-3d5c6fd77e91]
13:23:30.381 INFO - Shutting down...
